--attack: 1
67 256
165 256
40 256
128 256
129 256
217 256
89 256
191 256
26 256
92 256
185 256
120 256
87 256
161 256
180 256
86 256
82 256
34 256
230 256
229 256
113 256
37 256
244 256
105 256
43 256
157 256
248 256
111 256
125 256
224 256
103 256
41 256
50 256
52 256
237 256
128 256
217 256
41 256
139 256
220 256
89 256
154 256
143 256
160 256
25 256
63 256
183 256
59 256
180 256
2 256
137 256
0 256
41 256
48 256
189 256
106 256
134 256
103 256
13 256
35 256
136 256
167 256
202 256
40 256
82 256
32 256
174 256
62 256
74 256
139 256
122 256
29 256
249 256
23 256
140 256
44 256
156 256
83 256
182 256
229 256
166 256
228 256
37 256
43 256
144 256
119 256
171 256
11 256
25 256
170 256
92 256
185 256
171 256
95 256
136 256
106 256
73 256
131 256
112 256
222 256
